The system is: Windows - 10.0.17134 - AMD64
Compiling the C compiler identification source file "CMakeCCompilerId.c" succeeded.
Compiler: C:/MinGW/bin/gcc.exe 
Build flags: 
Id flags:  

The output was:
0


Compilation of the C compiler identification source "CMakeCCompilerId.c" produced "a.exe"

The C compiler identification is GNU, found in "D:/AssociationManager/cmake-build-debug/CMakeFiles/3.13.4/CompilerIdC/a.exe"

Compiling the CXX compiler identification source file "CMakeCXXCompilerId.cpp" succeeded.
Compiler: C:/MinGW/bin/g++.exe 
Build flags: 
Id flags:  

The output was:
0


Compilation of the CXX compiler identification source "CMakeCXXCompilerId.cpp" produced "a.exe"

The CXX compiler identification is GNU, found in "D:/AssociationManager/cmake-build-debug/CMakeFiles/3.13.4/CompilerIdCXX/a.exe"

Determining if the C compiler works passed with the following output:
Change Dir: D:/AssociationManager/cmake-build-debug/CMakeFiles/CMakeTmp

Run Build Command:"C:/MinGW/bin/mingw32-make.exe" "cmTC_bf878/fast"
C:/MinGW/bin/mingw32-make.exe -f CMakeFiles\cmTC_bf878.dir\build.make CMakeFiles/cmTC_bf878.dir/build
mingw32-make.exe[1]: Entering directory 'D:/AssociationManager/cmake-build-debug/CMakeFiles/CMakeTmp'
Building C object CMakeFiles/cmTC_bf878.dir/testCCompiler.c.obj
C:\MinGW\bin\gcc.exe    -o CMakeFiles\cmTC_bf878.dir\testCCompiler.c.obj   -c D:\AssociationManager\cmake-build-debug\CMakeFiles\CMakeTmp\testCCompiler.c
Linking C executable cmTC_bf878.exe
"C:\Program Files\JetBrains\CLion 2019.1\bin\cmake\win\bin\cmake.exe" -E cmake_link_script CMakeFiles\cmTC_bf878.dir\link.txt --verbose=1
"C:\Program Files\JetBrains\CLion 2019.1\bin\cmake\win\bin\cmake.exe" -E remove -f CMakeFiles\cmTC_bf878.dir/objects.a
C:\MinGW\bin\ar.exe cr CMakeFiles\cmTC_bf878.dir/objects.a @CMakeFiles\cmTC_bf878.dir\objects1.rsp
C:\MinGW\bin\gcc.exe      -Wl,--whole-archive CMakeFiles\cmTC_bf878.dir/objects.a -Wl,--no-whole-archive  -o cmTC_bf878.exe -Wl,--out-implib,libcmTC_bf878.dll.a -Wl,--major-image-version,0,--minor-image-version,0 @CMakeFiles\cmTC_bf878.dir\linklibs.rsp
mingw32-make.exe[1]: Leaving directory 'D:/AssociationManager/cmake-build-debug/CMakeFiles/CMakeTmp'


